# JRE version: OpenJDK Runtime Environment (17.0.9) (build 17.0.9+0--11185874)
# Java VM: OpenJDK 64-Bit Server VM (17.0.9+0--11185874, mixed mode, tiered, compressed oops, compressed class ptrs, g1 gc, windows-amd64)
GC Precious Log:
 CPUs: 8 total, 8 available
 Memory: 8001M
 Large Page Support: Disabled
 NUMA Support: Disabled
 Compressed Oops: Enabled (32-bit)
 Heap Region Size: 1M
 Heap Min Capacity: 8M
 Heap Initial Capacity: 126M
 Heap Max Capacity: 2G
 Pre-touch: Disabled
 Parallel Workers: 8
 Concurrent Workers: 2
 Concurrent Refinement Workers: 8
 Periodic GC: Disabled
Heap:
 garbage-first heap   total 307200K, used 149455K [0x0000000080000000, 0x0000000100000000)
  region size 1024K, 11 young (11264K), 11 survivors (11264K)
 Metaspace       used 134656K, committed 136000K, reserved 1179648K
  class space    used 17960K, committed 18560K, reserved 1048576K
GC Heap History (20 events):
Event: 1937.121 GC heap after
{Heap after GC invocations=96 (full 0):
 garbage-first heap   total 281600K, used 117917K [0x0000000080000000, 0x0000000100000000)
  region size 1024K, 1 young (1024K), 1 survivors (1024K)
 Metaspace       used 133700K, committed 135040K, reserved 1179648K
  class space    used 17969K, committed 18560K, reserved 1048576K
}
Event: 1937.132 GC heap before
{Heap before GC invocations=96 (full 0):
 garbage-first heap   total 281600K, used 117917K [0x0000000080000000, 0x0000000100000000)
  region size 1024K, 2 young (2048K), 1 survivors (1024K)
 Metaspace       used 133700K, committed 135040K, reserved 1179648K
  class space    used 17969K, committed 18560K, reserved 1048576K
}
Event: 1937.134 GC heap after
{Heap after GC invocations=97 (full 0):
 garbage-first heap   total 281600K, used 117661K [0x0000000080000000, 0x0000000100000000)
  region size 1024K, 1 young (1024K), 1 survivors (1024K)
 Metaspace       used 133700K, committed 135040K, reserved 1179648K
  class space    used 17969K, committed 18560K, reserved 1048576K
}
Event: 2062.517 GC heap before
{Heap before GC invocations=98 (full 0):
 garbage-first heap   total 281600K, used 269213K [0x0000000080000000, 0x0000000100000000)
  region size 1024K, 115 young (117760K), 1 survivors (1024K)
 Metaspace       used 133591K, committed 135040K, reserved 1179648K
  class space    used 17947K, committed 18560K, reserved 1048576K
}
Event: 2062.541 GC heap after
{Heap after GC invocations=99 (full 0):
 garbage-first heap   total 293888K, used 140461K [0x0000000080000000, 0x0000000100000000)
  region size 1024K, 15 young (15360K), 15 survivors (15360K)
 Metaspace       used 133591K, committed 135040K, reserved 1179648K
  class space    used 17947K, committed 18560K, reserved 1048576K
}
Event: 2062.547 GC heap before
{Heap before GC invocations=99 (full 0):
 garbage-first heap   total 293888K, used 141485K [0x0000000080000000, 0x0000000100000000)
  region size 1024K, 16 young (16384K), 15 survivors (15360K)
 Metaspace       used 133591K, committed 135040K, reserved 1179648K
  class space    used 17947K, committed 18560K, reserved 1048576K
}
Event: 2062.566 GC heap after
{Heap after GC invocations=100 (full 0):
 garbage-first heap   total 293888K, used 140821K [0x0000000080000000, 0x0000000100000000)
  region size 1024K, 2 young (2048K), 2 survivors (2048K)
 Metaspace       used 133591K, committed 135040K, reserved 1179648K
  class space    used 17947K, committed 18560K, reserved 1048576K
}
Event: 2063.186 GC heap before
{Heap before GC invocations=100 (full 0):
 garbage-first heap   total 293888K, used 186901K [0x0000000080000000, 0x0000000100000000)
  region size 1024K, 49 young (50176K), 2 survivors (2048K)
 Metaspace       used 134014K, committed 135296K, reserved 1179648K
  class space    used 17971K, committed 18560K, reserved 1048576K
}
Event: 2063.193 GC heap after
{Heap after GC invocations=101 (full 0):
 garbage-first heap   total 293888K, used 143967K [0x0000000080000000, 0x0000000100000000)
  region size 1024K, 6 young (6144K), 6 survivors (6144K)
 Metaspace       used 134014K, committed 135296K, reserved 1179648K
  class space    used 17971K, committed 18560K, reserved 1048576K
}
Event: 2330.373 GC heap before
{Heap before GC invocations=102 (full 0):
 garbage-first heap   total 301056K, used 259679K [0x0000000080000000, 0x0000000100000000)
  region size 1024K, 87 young (89088K), 6 survivors (6144K)
 Metaspace       used 133972K, committed 135296K, reserved 1179648K
  class space    used 17935K, committed 18560K, reserved 1048576K
}
Event: 2330.386 GC heap after
{Heap after GC invocations=103 (full 0):
 garbage-first heap   total 301056K, used 151525K [0x0000000080000000, 0x0000000100000000)
  region size 1024K, 11 young (11264K), 11 survivors (11264K)
 Metaspace       used 133972K, committed 135296K, reserved 1179648K
  class space    used 17935K, committed 18560K, reserved 1048576K
}
Event: 2330.403 GC heap before
{Heap before GC invocations=103 (full 0):
 garbage-first heap   total 301056K, used 156645K [0x0000000080000000, 0x0000000100000000)
  region size 1024K, 14 young (14336K), 11 survivors (11264K)
 Metaspace       used 133974K, committed 135296K, reserved 1179648K
  class space    used 17935K, committed 18560K, reserved 1048576K
}
Event: 2330.433 GC heap after
{Heap after GC invocations=104 (full 0):
 garbage-first heap   total 301056K, used 137156K [0x0000000080000000, 0x0000000100000000)
  region size 1024K, 2 young (2048K), 2 survivors (2048K)
 Metaspace       used 133974K, committed 135296K, reserved 1179648K
  class space    used 17935K, committed 18560K, reserved 1048576K
}
Event: 2331.705 GC heap before
{Heap before GC invocations=104 (full 0):
 garbage-first heap   total 301056K, used 216004K [0x0000000080000000, 0x0000000100000000)
  region size 1024K, 81 young (82944K), 2 survivors (2048K)
 Metaspace       used 134390K, committed 135680K, reserved 1179648K
  class space    used 17958K, committed 18560K, reserved 1048576K
}
Event: 2331.720 GC heap after
{Heap after GC invocations=105 (full 0):
 garbage-first heap   total 301056K, used 146862K [0x0000000080000000, 0x0000000100000000)
  region size 1024K, 12 young (12288K), 12 survivors (12288K)
 Metaspace       used 134390K, committed 135680K, reserved 1179648K
  class space    used 17958K, committed 18560K, reserved 1048576K
}
Event: 2536.373 GC heap before
{Heap before GC invocations=106 (full 0):
 garbage-first heap   total 307200K, used 269742K [0x0000000080000000, 0x0000000100000000)
  region size 1024K, 97 young (99328K), 12 survivors (12288K)
 Metaspace       used 134259K, committed 135680K, reserved 1179648K
  class space    used 17935K, committed 18560K, reserved 1048576K
}
Event: 2536.389 GC heap after
{Heap after GC invocations=107 (full 0):
 garbage-first heap   total 307200K, used 159948K [0x0000000080000000, 0x0000000100000000)
  region size 1024K, 13 young (13312K), 13 survivors (13312K)
 Metaspace       used 134259K, committed 135680K, reserved 1179648K
  class space    used 17935K, committed 18560K, reserved 1048576K
}
Event: 2536.400 GC heap before
{Heap before GC invocations=107 (full 0):
 garbage-first heap   total 307200K, used 160972K [0x0000000080000000, 0x0000000100000000)
  region size 1024K, 15 young (15360K), 13 survivors (13312K)
 Metaspace       used 134259K, committed 135680K, reserved 1179648K
  class space    used 17935K, committed 18560K, reserved 1048576K
}
Event: 2536.414 GC heap after
{Heap after GC invocations=108 (full 0):
 garbage-first heap   total 307200K, used 140615K [0x0000000080000000, 0x0000000100000000)
  region size 1024K, 2 young (2048K), 2 survivors (2048K)
 Metaspace       used 134259K, committed 135680K, reserved 1179648K
  class space    used 17935K, committed 18560K, reserved 1048576K
}
Event: 2537.570 GC heap before
{Heap before GC invocations=108 (full 0):
 garbage-first heap   total 307200K, used 214343K [0x0000000080000000, 0x0000000100000000)
  region size 1024K, 76 young (77824K), 2 survivors (2048K)
 Metaspace       used 134656K, committed 136000K, reserved 1179648K
  class space    used 17960K, committed 18560K, reserved 1048576K
}

